<?xml version="1.0" encoding="UTF-8"?>
<!-- Generated by org.testng.reporters.JUnitReportReporter -->
<testsuite skipped="0" hostname="GOWSNTech" name="feedtest.page1test" tests="1" failures="0" timestamp="02 Sep 2020 10:52:29 GMT" time="31.255" errors="0">
  <testcase name="page1test" time="31.255" classname="feedtest.page1test"/>
</testsuite> <!-- feedtest.page1test -->
